\BOOKMARK [0][-]{chapter.1}{\376\377\176\352\213\272}{}% 1
\BOOKMARK [1][-]{section.1.1}{\376\377\220\011\230\230\200\314\146\157\116\016\141\017\116\111}{chapter.1}% 2
\BOOKMARK [1][-]{section.1.2}{\376\377\126\375\121\205\131\026\170\024\172\166\163\260\162\266\124\214\166\370\121\163\135\345\117\134}{chapter.1}% 3
\BOOKMARK [1][-]{section.1.3}{\376\377\147\054\145\207\166\204\170\024\172\166\121\205\133\271\116\016\116\073\211\201\135\345\117\134}{chapter.1}% 4
\BOOKMARK [1][-]{section.1.4}{\376\377\147\054\145\207\166\204\213\272\145\207\176\323\147\204\116\016\172\340\202\202\133\211\143\222}{chapter.1}% 5
\BOOKMARK [0][-]{chapter.2}{\376\377\166\370\121\163\135\345\117\134}{}% 6
\BOOKMARK [1][-]{section.2.1}{\376\377\135\362\147\011\166\204\0003\0006\0000\136\246\211\306\230\221\117\040\217\223\173\227\154\325}{chapter.2}% 7
\BOOKMARK [1][-]{section.2.2}{\376\377\135\362\147\011\166\204\127\372\116\216\000M\000A\000B\166\204\0003\0006\0000\136\246\211\306\230\221\117\040\217\223\173\227\154\325\123\312\177\072\226\167}{chapter.2}% 8
\BOOKMARK [1][-]{section.2.3}{\376\377\147\054\172\340\134\017\176\323}{chapter.2}% 9
\BOOKMARK [0][-]{chapter.3}{\376\377\0003\0006\0000\136\246\211\306\230\221\117\040\217\223\136\372\152\041}{}% 10
\BOOKMARK [1][-]{section.3.1}{\376\377\211\306\230\221\117\040\217\223\166\204\116\044\134\102\123\315\231\210}{chapter.3}% 11
\BOOKMARK [1][-]{section.3.2}{\376\377\116\044\134\102\000M\000A\000B\152\041\127\213}{chapter.3}% 12
\BOOKMARK [1][-]{section.3.3}{\376\377\147\054\172\340\134\017\176\323}{chapter.3}% 13
\BOOKMARK [0][-]{chapter.4}{\376\377\173\227\154\325\213\276\213\241}{}% 14
\BOOKMARK [1][-]{section.4.1}{\376\377\124\150\147\037\140\047\221\315\177\156\000T\000h\000o\000m\000p\000s\000o\000n\000\040\000S\000a\000m\000p\000l\000i\000n\000g\173\227\154\325}{chapter.4}% 15
\BOOKMARK [1][-]{section.4.2}{\376\377\127\372\116\216\142\230\142\143\166\204\000T\000h\000o\000m\000p\000s\000o\000n\000\040\000S\000a\000m\000p\000l\000i\000n\000g\173\227\154\325}{chapter.4}% 16
\BOOKMARK [1][-]{section.4.3}{\376\377\127\372\116\216\156\321\122\250\172\227\123\343\166\204\000T\000h\000o\000m\000p\000s\000o\000n\000\040\000S\000a\000m\000p\000l\000i\000n\000g\173\227\154\325}{chapter.4}% 17
\BOOKMARK [1][-]{section.4.4}{\376\377\127\372\116\216\130\236\122\240\153\041\145\160\166\204\156\321\122\250\172\227\123\343\000T\000h\000o\000m\000p\000s\000o\000n\000\040\000S\000a\000m\000p\000l\000i\000n\000g\173\227\154\325}{chapter.4}% 18
\BOOKMARK [1][-]{section.4.5}{\376\377\127\372\116\216\142\230\142\143\060\001\130\236\122\240\153\041\145\160\124\214\156\321\122\250\172\227\123\343\166\204\000T\000h\000o\000m\000p\000s\000o\000n\000\040\000S\000a\000m\000p\000l\000i\000n\000g\173\227\154\325}{chapter.4}% 19
\BOOKMARK [1][-]{section.4.6}{\376\377\147\054\172\340\134\017\176\323}{chapter.4}% 20
\BOOKMARK [0][-]{chapter.5}{\376\377\116\377\167\037\133\236\232\214}{}% 21
\BOOKMARK [1][-]{section.5.1}{\376\377\177\156\226\366\145\366\147\072\133\371\000T\000S\173\227\154\325\166\204\137\161\124\315}{chapter.5}% 22
\BOOKMARK [1][-]{section.5.2}{\376\377\140\073\117\123\153\324\217\203}{chapter.5}% 23
\BOOKMARK [1][-]{section.5.3}{\376\377\172\227\123\343\133\271\221\317\133\371\000T\000S\173\227\154\325\166\204\137\161\124\315}{chapter.5}% 24
\BOOKMARK [1][-]{section.5.4}{\376\377\142\230\142\143\174\373\145\160\133\371\000T\000S\173\227\154\325\166\204\137\161\124\315}{chapter.5}% 25
\BOOKMARK [1][-]{section.5.5}{\376\377\130\236\122\240\131\061\215\045\153\041\145\160\133\371\000T\000S\173\227\154\325\166\204\137\161\124\315}{chapter.5}% 26
\BOOKMARK [1][-]{section.5.6}{\376\377\130\236\122\240\142\020\122\237\153\041\145\160\133\371\000T\000S\173\227\154\325\166\204\137\161\124\315}{chapter.5}% 27
\BOOKMARK [1][-]{section.5.7}{\376\377\142\230\142\143\156\321\122\250\172\227\123\343\000T\000S\173\227\154\325\155\361\121\145\143\242\175\042}{chapter.5}% 28
\BOOKMARK [1][-]{section.5.8}{\376\377\140\073\176\323}{chapter.5}% 29
\BOOKMARK [0][-]{chapter.6}{\376\377\140\073\176\323\116\016\134\125\147\033}{}% 30
\BOOKMARK [1][-]{section.6.1}{\376\377\135\345\117\134\140\073\176\323}{chapter.6}% 31
\BOOKMARK [1][-]{section.6.2}{\376\377\170\024\172\166\134\125\147\033}{chapter.6}% 32
\BOOKMARK [0][-]{chapter*.24}{\376\377\166\370\121\163\166\204\171\321\170\024\142\020\147\234\166\356\137\125}{}% 33
\BOOKMARK [0][-]{chapter*.25}{\376\377\201\364\214\042}{}% 34
\BOOKMARK [0][-]{appendix.A}{\376\377\210\145\121\105\146\364\131\032\176\306\202\202}{}% 35
\BOOKMARK [0][-]{appendix.B}{\376\377\131\032\226\104\137\125}{}% 36
\BOOKMARK [1][-]{section.B.1}{\376\377\131\032\226\104\137\125}{appendix.B}% 37
\BOOKMARK [0][-]{appendix.C}{\376\377\123\302\200\003\145\207\163\056}{}% 38
